<?xml version="1.0" encoding="UTF-8"?>
<testsuite xmlns:xsi="http://www.w3.org/2001/XMLSchema-instance" xsi:noNamespaceSchemaLocation="https://maven.apache.org/surefire/maven-surefire-plugin/xsd/surefire-test-report-3.0.xsd" version="3.0" name="org.drools.demo.RuleTest" time="1.084" tests="1" errors="0" skipped="0" failures="0">
  <properties>
    <property name="gopherProxySet" value="false"/>
    <property name="awt.toolkit" value="sun.lwawt.macosx.LWCToolkit"/>
    <property name="file.encoding.pkg" value="sun.io"/>
    <property name="java.specification.version" value="1.8"/>
    <property name="sun.cpu.isalist" value=""/>
    <property name="sun.jnu.encoding" value="UTF-8"/>
    <property name="java.class.path" value="/Users/mmortari/git/tmp/demo20230218-drools-usageNBjkebQUPTM/target/test-classes:/Users/mmortari/git/tmp/demo20230218-drools-usageNBjkebQUPTM/target/classes:/Users/mmortari/.m2/repository/org/drools/drools-engine-classic/7.73.0.Final/drools-engine-classic-7.73.0.Final.jar:/Users/mmortari/.m2/repository/org/kie/kie-api/7.73.0.Final/kie-api-7.73.0.Final.jar:/Users/mmortari/.m2/repository/org/kie/soup/kie-soup-maven-support/7.73.0.Final/kie-soup-maven-support-7.73.0.Final.jar:/Users/mmortari/.m2/repository/org/kie/kie-internal/7.73.0.Final/kie-internal-7.73.0.Final.jar:/Users/mmortari/.m2/repository/org/drools/drools-core/7.73.0.Final/drools-core-7.73.0.Final.jar:/Users/mmortari/.m2/repository/org/kie/soup/kie-soup-xstream/7.73.0.Final/kie-soup-xstream-7.73.0.Final.jar:/Users/mmortari/.m2/repository/org/drools/drools-core-reflective/7.73.0.Final/drools-core-reflective-7.73.0.Final.jar:/Users/mmortari/.m2/repository/org/drools/drools-core-dynamic/7.73.0.Final/drools-core-dynamic-7.73.0.Final.jar:/Users/mmortari/.m2/repository/commons-codec/commons-codec/1.15/commons-codec-1.15.jar:/Users/mmortari/.m2/repository/org/drools/drools-compiler/7.73.0.Final/drools-compiler-7.73.0.Final.jar:/Users/mmortari/.m2/repository/org/kie/kie-memory-compiler/7.73.0.Final/kie-memory-compiler-7.73.0.Final.jar:/Users/mmortari/.m2/repository/org/antlr/antlr-runtime/3.5.2/antlr-runtime-3.5.2.jar:/Users/mmortari/.m2/repository/com/thoughtworks/xstream/xstream/1.4.19/xstream-1.4.19.jar:/Users/mmortari/.m2/repository/io/github/x-stream/mxparser/1.2.2/mxparser-1.2.2.jar:/Users/mmortari/.m2/repository/xmlpull/xmlpull/1.1.3.1/xmlpull-1.1.3.1.jar:/Users/mmortari/.m2/repository/org/drools/drools-mvel/7.73.0.Final/drools-mvel-7.73.0.Final.jar:/Users/mmortari/.m2/repository/org/mvel/mvel2/2.4.14.Final/mvel2-2.4.14.Final.jar:/Users/mmortari/.m2/repository/org/kie/soup/kie-soup-project-datamodel-commons/7.73.0.Final/kie-soup-project-datamodel-commons-7.73.0.Final.jar:/Users/mmortari/.m2/repository/org/kie/soup/kie-soup-commons/7.73.0.Final/kie-soup-commons-7.73.0.Final.jar:/Users/mmortari/.m2/repository/org/kie/soup/kie-soup-project-datamodel-api/7.73.0.Final/kie-soup-project-datamodel-api-7.73.0.Final.jar:/Users/mmortari/.m2/repository/org/drools/drools-ecj/7.73.0.Final/drools-ecj-7.73.0.Final.jar:/Users/mmortari/.m2/repository/junit/junit/4.13.1/junit-4.13.1.jar:/Users/mmortari/.m2/repository/org/hamcrest/hamcrest-core/1.3/hamcrest-core-1.3.jar:/Users/mmortari/.m2/repository/org/slf4j/slf4j-log4j12/1.7.30/slf4j-log4j12-1.7.30.jar:/Users/mmortari/.m2/repository/org/slf4j/slf4j-api/1.7.30/slf4j-api-1.7.30.jar:/Users/mmortari/.m2/repository/log4j/log4j/1.2.17/log4j-1.2.17.jar:"/>
    <property name="java.vm.vendor" value="AdoptOpenJDK"/>
    <property name="sun.arch.data.model" value="64"/>
    <property name="java.vendor.url" value="http://java.oracle.com/"/>
    <property name="user.timezone" value=""/>
    <property name="java.vm.specification.version" value="1.8"/>
    <property name="os.name" value="Mac OS X"/>
    <property name="user.country" value="IT"/>
    <property name="sun.java.launcher" value="SUN_STANDARD"/>
    <property name="sun.boot.library.path" value="/Users/mmortari/.jabba/jdk/adopt@1.8.0-252/Contents/Home/jre/lib"/>
    <property name="sun.java.command" value="/Users/mmortari/git/tmp/demo20230218-drools-usageNBjkebQUPTM/target/surefire/surefirebooter4997108373322938489.jar /Users/mmortari/git/tmp/demo20230218-drools-usageNBjkebQUPTM/target/surefire 2023-02-18T16-10-06_245-jvmRun1 surefire9202300588359056381tmp surefire_03731680843119729621tmp"/>
    <property name="http.nonProxyHosts" value="local|*.local|169.254/16|*.169.254/16"/>
    <property name="surefire.test.class.path" value="/Users/mmortari/git/tmp/demo20230218-drools-usageNBjkebQUPTM/target/test-classes:/Users/mmortari/git/tmp/demo20230218-drools-usageNBjkebQUPTM/target/classes:/Users/mmortari/.m2/repository/org/drools/drools-engine-classic/7.73.0.Final/drools-engine-classic-7.73.0.Final.jar:/Users/mmortari/.m2/repository/org/kie/kie-api/7.73.0.Final/kie-api-7.73.0.Final.jar:/Users/mmortari/.m2/repository/org/kie/soup/kie-soup-maven-support/7.73.0.Final/kie-soup-maven-support-7.73.0.Final.jar:/Users/mmortari/.m2/repository/org/kie/kie-internal/7.73.0.Final/kie-internal-7.73.0.Final.jar:/Users/mmortari/.m2/repository/org/drools/drools-core/7.73.0.Final/drools-core-7.73.0.Final.jar:/Users/mmortari/.m2/repository/org/kie/soup/kie-soup-xstream/7.73.0.Final/kie-soup-xstream-7.73.0.Final.jar:/Users/mmortari/.m2/repository/org/drools/drools-core-reflective/7.73.0.Final/drools-core-reflective-7.73.0.Final.jar:/Users/mmortari/.m2/repository/org/drools/drools-core-dynamic/7.73.0.Final/drools-core-dynamic-7.73.0.Final.jar:/Users/mmortari/.m2/repository/commons-codec/commons-codec/1.15/commons-codec-1.15.jar:/Users/mmortari/.m2/repository/org/drools/drools-compiler/7.73.0.Final/drools-compiler-7.73.0.Final.jar:/Users/mmortari/.m2/repository/org/kie/kie-memory-compiler/7.73.0.Final/kie-memory-compiler-7.73.0.Final.jar:/Users/mmortari/.m2/repository/org/antlr/antlr-runtime/3.5.2/antlr-runtime-3.5.2.jar:/Users/mmortari/.m2/repository/com/thoughtworks/xstream/xstream/1.4.19/xstream-1.4.19.jar:/Users/mmortari/.m2/repository/io/github/x-stream/mxparser/1.2.2/mxparser-1.2.2.jar:/Users/mmortari/.m2/repository/xmlpull/xmlpull/1.1.3.1/xmlpull-1.1.3.1.jar:/Users/mmortari/.m2/repository/org/drools/drools-mvel/7.73.0.Final/drools-mvel-7.73.0.Final.jar:/Users/mmortari/.m2/repository/org/mvel/mvel2/2.4.14.Final/mvel2-2.4.14.Final.jar:/Users/mmortari/.m2/repository/org/kie/soup/kie-soup-project-datamodel-commons/7.73.0.Final/kie-soup-project-datamodel-commons-7.73.0.Final.jar:/Users/mmortari/.m2/repository/org/kie/soup/kie-soup-commons/7.73.0.Final/kie-soup-commons-7.73.0.Final.jar:/Users/mmortari/.m2/repository/org/kie/soup/kie-soup-project-datamodel-api/7.73.0.Final/kie-soup-project-datamodel-api-7.73.0.Final.jar:/Users/mmortari/.m2/repository/org/drools/drools-ecj/7.73.0.Final/drools-ecj-7.73.0.Final.jar:/Users/mmortari/.m2/repository/junit/junit/4.13.1/junit-4.13.1.jar:/Users/mmortari/.m2/repository/org/hamcrest/hamcrest-core/1.3/hamcrest-core-1.3.jar:/Users/mmortari/.m2/repository/org/slf4j/slf4j-log4j12/1.7.30/slf4j-log4j12-1.7.30.jar:/Users/mmortari/.m2/repository/org/slf4j/slf4j-api/1.7.30/slf4j-api-1.7.30.jar:/Users/mmortari/.m2/repository/log4j/log4j/1.2.17/log4j-1.2.17.jar:"/>
    <property name="sun.cpu.endian" value="little"/>
    <property name="user.home" value="/Users/mmortari"/>
    <property name="user.language" value="en"/>
    <property name="java.specification.vendor" value="Oracle Corporation"/>
    <property name="java.home" value="/Users/mmortari/.jabba/jdk/adopt@1.8.0-252/Contents/Home/jre"/>
    <property name="basedir" value="/Users/mmortari/git/tmp/demo20230218-drools-usageNBjkebQUPTM"/>
    <property name="file.separator" value="/"/>
    <property name="line.separator" value="&#10;"/>
    <property name="java.vm.specification.vendor" value="Oracle Corporation"/>
    <property name="java.specification.name" value="Java Platform API Specification"/>
    <property name="java.awt.graphicsenv" value="sun.awt.CGraphicsEnvironment"/>
    <property name="surefire.real.class.path" value="/Users/mmortari/git/tmp/demo20230218-drools-usageNBjkebQUPTM/target/surefire/surefirebooter4997108373322938489.jar"/>
    <property name="sun.boot.class.path" value="/Users/mmortari/.jabba/jdk/adopt@1.8.0-252/Contents/Home/jre/lib/resources.jar:/Users/mmortari/.jabba/jdk/adopt@1.8.0-252/Contents/Home/jre/lib/rt.jar:/Users/mmortari/.jabba/jdk/adopt@1.8.0-252/Contents/Home/jre/lib/sunrsasign.jar:/Users/mmortari/.jabba/jdk/adopt@1.8.0-252/Contents/Home/jre/lib/jsse.jar:/Users/mmortari/.jabba/jdk/adopt@1.8.0-252/Contents/Home/jre/lib/jce.jar:/Users/mmortari/.jabba/jdk/adopt@1.8.0-252/Contents/Home/jre/lib/charsets.jar:/Users/mmortari/.jabba/jdk/adopt@1.8.0-252/Contents/Home/jre/lib/jfr.jar:/Users/mmortari/.jabba/jdk/adopt@1.8.0-252/Contents/Home/jre/classes"/>
    <property name="sun.management.compiler" value="HotSpot 64-Bit Tiered Compilers"/>
    <property name="ftp.nonProxyHosts" value="local|*.local|169.254/16|*.169.254/16"/>
    <property name="java.runtime.version" value="1.8.0_252-b09"/>
    <property name="user.name" value="mmortari"/>
    <property name="path.separator" value=":"/>
    <property name="os.version" value="10.16"/>
    <property name="java.endorsed.dirs" value="/Users/mmortari/.jabba/jdk/adopt@1.8.0-252/Contents/Home/jre/lib/endorsed"/>
    <property name="java.runtime.name" value="OpenJDK Runtime Environment"/>
    <property name="file.encoding" value="UTF-8"/>
    <property name="java.vm.name" value="OpenJDK 64-Bit Server VM"/>
    <property name="localRepository" value="/Users/mmortari/.m2/repository"/>
    <property name="java.vendor.url.bug" value="http://bugreport.sun.com/bugreport/"/>
    <property name="java.io.tmpdir" value="/var/folders/6x/gkw0r85565zgrqt8smthfhqm0000gn/T/"/>
    <property name="java.version" value="1.8.0_252"/>
    <property name="user.dir" value="/Users/mmortari/git/tmp/demo20230218-drools-usageNBjkebQUPTM"/>
    <property name="os.arch" value="x86_64"/>
    <property name="java.vm.specification.name" value="Java Virtual Machine Specification"/>
    <property name="java.awt.printerjob" value="sun.lwawt.macosx.CPrinterJob"/>
    <property name="sun.os.patch.level" value="unknown"/>
    <property name="java.library.path" value="/Users/mmortari/Library/Java/Extensions:/Library/Java/Extensions:/Network/Library/Java/Extensions:/System/Library/Java/Extensions:/usr/lib/java:."/>
    <property name="java.vm.info" value="mixed mode"/>
    <property name="java.vendor" value="AdoptOpenJDK"/>
    <property name="java.vm.version" value="25.252-b09"/>
    <property name="java.ext.dirs" value="/Users/mmortari/Library/Java/Extensions:/Users/mmortari/.jabba/jdk/adopt@1.8.0-252/Contents/Home/jre/lib/ext:/Library/Java/Extensions:/Network/Library/Java/Extensions:/System/Library/Java/Extensions:/usr/lib/java"/>
    <property name="sun.io.unicode.encoding" value="UnicodeBig"/>
    <property name="java.class.version" value="52.0"/>
    <property name="socksNonProxyHosts" value="local|*.local|169.254/16|*.169.254/16"/>
  </properties>
  <testcase name="test" classname="org.drools.demo.RuleTest" time="1.049">
    <system-out><![CDATA[2023-02-18 16:10:06,921 INFO  [org.drools.compiler.kie.builder.impl.ClasspathKieProject] (main) Found kmodule: file:/Users/mmortari/git/tmp/demo20230218-drools-usageNBjkebQUPTM/target/classes/META-INF/kmodule.xml
2023-02-18 16:10:07,073 WARN  [org.drools.compiler.kie.builder.impl.ClasspathKieProject] (main) Unable to find pom.properties in /Users/mmortari/git/tmp/demo20230218-drools-usageNBjkebQUPTM/target/classes
2023-02-18 16:10:07,083 INFO  [org.drools.compiler.kie.builder.impl.ClasspathKieProject] (main) Recursed up folders, found and used pom.xml /Users/mmortari/git/tmp/demo20230218-drools-usageNBjkebQUPTM/pom.xml
2023-02-18 16:10:07,084 INFO  [org.drools.compiler.kie.builder.impl.InternalKieModuleProvider] (main) Creating KieModule for artifact org.drools.demo:demo20230218-drools-usageNBjkebQUPTM:1.0-SNAPSHOT
2023-02-18 16:10:07,094 WARN  [org.drools.compiler.kie.builder.impl.KieBuilderImpl] (main) File 'org/example/rules.drl' is in folder 'org/example' but declares package 'org.drools.demo'. It is advised to have a correspondance between package and folder names.
2023-02-18 16:10:07,712 INFO  [org.drools.demo.RuleTest] (main) Creating kieBase
2023-02-18 16:10:07,712 INFO  [org.drools.compiler.kie.builder.impl.KieContainerImpl] (main) Start creation of KieBase: defaultKieBase
2023-02-18 16:10:07,758 INFO  [org.drools.compiler.kie.builder.impl.KieContainerImpl] (main) End creation of KieBase: defaultKieBase
2023-02-18 16:10:07,758 INFO  [org.drools.demo.RuleTest] (main) There should be rules: 
2023-02-18 16:10:07,758 INFO  [org.drools.demo.RuleTest] (main) kp [Package name=org.drools.demo] rule will execute per each Measurement having ID color
2023-02-18 16:10:07,758 INFO  [org.drools.demo.RuleTest] (main) Creating kieSession
2023-02-18 16:10:07,781 INFO  [org.drools.demo.RuleTest] (main) Populating globals
2023-02-18 16:10:07,781 INFO  [org.drools.demo.RuleTest] (main) Now running data
2023-02-18 16:10:07,803 INFO  [org.drools.demo.RuleTest] (main) Final checks
]]></system-out>
  </testcase>
</testsuite>